
Showing logs for build [32mcb-kubecd-environment-pr-241-2-67g89-1[0m stage [32mfrom-build-pack[0m and container [32mstep-credential-initializer-wmxfm[0m
{"level":"info","ts":1592926561.957155,"logger":"fallback-logger","caller":"logging/config.go:69","msg":"Fetch GitHub commit ID from kodata failed: open /var/run/ko/refs/heads/0.8.0-ns-support: no such file or directory"}
{"level":"info","ts":1592926561.9580324,"logger":"fallback-logger","caller":"creds-init/main.go:40","msg":"Credentials initialized."}

Showing logs for build [32mcb-kubecd-environment-pr-241-2-67g89-1[0m stage [32mfrom-build-pack[0m and container [32mstep-working-dir-initializer-n6nz4[0m
{"level":"info","ts":1592926562.997681,"logger":"fallback-logger","caller":"logging/config.go:69","msg":"Fetch GitHub commit ID from kodata failed: open /var/run/ko/HEAD: no such file or directory"}
{"level":"info","ts":1592926563.007787,"logger":"fallback-logger","caller":"bash/main.go:64","msg":"Successfully executed command \"sh -c mkdir -p /workspace/source\"; output "}

Showing logs for build [32mcb-kubecd-environment-pr-241-2-67g89-1[0m stage [32mfrom-build-pack[0m and container [32mstep-place-tools[0m

Showing logs for build [32mcb-kubecd-environment-pr-241-2-67g89-1[0m stage [32mfrom-build-pack[0m and container [32mstep-git-source-cb-kubecd-environment-pr-241-2-67g89-l79j9[0m
{"level":"info","ts":1592926569.2237024,"logger":"fallback-logger","caller":"logging/config.go:69","msg":"Fetch GitHub commit ID from kodata failed: open /var/run/ko/refs/heads/0.8.0-ns-support: no such file or directory"}
{"level":"info","ts":1592926570.3183596,"logger":"fallback-logger","caller":"git/git.go:103","msg":"Successfully cloned https://github.com/cb-kubecd/environment-pr-241-2-boot-vault-gke-staging.git @ master in path /workspace/source"}

Showing logs for build [32mcb-kubecd-environment-pr-241-2-67g89-1[0m stage [32mfrom-build-pack[0m and container [32mstep-git-merge[0m
Using SHAs from PULL_REFS=master:f095a558118739db00ca12e2aca3d9661fe101ae,4:4fef3c8c00b9b1927c7c3602b514360e2e6dc763
DEBUG: LC_ALL=C JX_LOG_LEVEL=error git fetch origin --unshallow 4fef3c8c00b9b1927c7c3602b514360e2e6dc763: f095a558118739db00ca12e2aca3d9661fe101ae:
DEBUG: ran git fetch --unshallow origin 4fef3c8c00b9b1927c7c3602b514360e2e6dc763: f095a558118739db00ca12e2aca3d9661fe101ae: in 
DEBUG: JX_LOG_LEVEL=error LC_ALL=C git branch
DEBUG: LC_ALL=C JX_LOG_LEVEL=error git checkout master
DEBUG: ran git checkout master in 
DEBUG: LC_ALL=C JX_LOG_LEVEL=error git reset --hard f095a558118739db00ca12e2aca3d9661fe101ae
DEBUG: ran git reset --hard f095a558118739db00ca12e2aca3d9661fe101ae in 
DEBUG: LC_ALL=C JX_LOG_LEVEL=error git clean -fd .
DEBUG: ran clean --force -d . in 
DEBUG: LC_ALL=C JX_LOG_LEVEL=error git merge 4fef3c8c00b9b1927c7c3602b514360e2e6dc763
DEBUG: ran git merge 4fef3c8c00b9b1927c7c3602b514360e2e6dc763 in 
DEBUG: LC_ALL=C JX_LOG_LEVEL=error git log --format=%H%x1f%an%x1f%ae%x1f%cn%x1f%ce%x1f%s%n%b%x1e f095a558118739db00ca12e2aca3d9661fe101ae..HEAD
Merged SHA 4fef3c8c00b9b1927c7c3602b514360e2e6dc763 with commit message 'chore: Promote bdd-gh-1592924026 to version 0.0.1' into base branch master

Showing logs for build [32mcb-kubecd-environment-pr-241-2-67g89-1[0m stage [32mfrom-build-pack[0m and container [32mstep-build-helm-build[0m
WARNING: No $CHART_REPOSITORY defined so using the default value of: http://jenkins-x-chartmuseum:8080
Adding missing Helm repo: storage.googleapis.com https://storage.googleapis.com/chartmuseum.jenkins-x.io
WARNING: No secrets found on "helm/repos" due: reading the secret "helm/repos" from vault: no secret "helm/repos" not found in vault
Read credentials for https://storage.googleapis.com/chartmuseum.jenkins-x.io from vault helm/repos
Successfully added Helm repository storage.googleapis.com.
Adding missing Helm repo: jenkins-x-chartmuseum http://jenkins-x-chartmuseum:8080
WARNING: No secrets found on "helm/repos" due: reading the secret "helm/repos" from vault: no secret "helm/repos" not found in vault
Read credentials for http://jenkins-x-chartmuseum:8080 from vault helm/repos
Successfully added Helm repository jenkins-x-chartmuseum.
WARNING: No $CHART_REPOSITORY defined so using the default value of: http://jenkins-x-chartmuseum:8080
Adding missing Helm repo: chartmuseum.jenkins-x.io http://chartmuseum.jenkins-x.io
WARNING: No secrets found on "helm/repos" due: reading the secret "helm/repos" from vault: no secret "helm/repos" not found in vault
Read credentials for http://chartmuseum.jenkins-x.io from vault helm/repos
Successfully added Helm repository chartmuseum.jenkins-x.io.
